Base path: /Applications/Unity/Unity.app/Contents
Pipe name: \\.\pipe\UnityShaderCompiler-2--1331417088
Cmd: getPlatforms
Cmd: compileSnippet
  api=1 type=0 insize=636 outsize=212 kw= ok=1
Cmd: compileSnippet
  api=1 type=0 insize=3880 outsize=290 kw=SCATTERING_ON OCTAVES_4 QUALITY_HIGH ok=1
Cmd: compileSnippet
  api=1 type=0 insize=3880 outsize=290 kw=QUALITY_HIGH SCATTERING_OFF OCTAVES_1 ok=1
Cmd: compileSnippet
  api=4 type=0 insize=3880 outsize=1640 kw=QUALITY_HIGH SCATTERING_OFF OCTAVES_2 ok=1
Cmd: compileSnippet
  api=4 type=0 insize=3880 outsize=1640 kw=QUALITY_HIGH SCATTERING_OFF OCTAVES_3 ok=1
Cmd: compileSnippet
  api=1 type=0 insize=3880 outsize=290 kw=QUALITY_HIGH SCATTERING_OFF OCTAVES_5 ok=1
Cmd: compileSnippet
  api=4 type=0 insize=3880 outsize=1640 kw=OCTAVES_4 SCATTERING_OFF QUALITY_LOW ok=1
Cmd: compileSnippet
  api=1 type=0 insize=3880 outsize=290 kw=SCATTERING_OFF OCTAVES_1 QUALITY_LOW ok=1
Cmd: compileSnippet
  api=4 type=0 insize=3880 outsize=1640 kw=SCATTERING_OFF OCTAVES_2 QUALITY_LOW ok=1
Cmd: compileSnippet
  api=1 type=0 insize=3880 outsize=290 kw=SCATTERING_OFF OCTAVES_3 QUALITY_LOW ok=1
Cmd: compileSnippet
  api=4 type=0 insize=3880 outsize=1640 kw=SCATTERING_OFF OCTAVES_5 QUALITY_LOW ok=1
Cmd: compileSnippet
  api=4 type=0 insize=3880 outsize=1640 kw=SCATTERING_ON OCTAVES_4 QUALITY_MED ok=1
Cmd: compileSnippet
  api=1 type=0 insize=3880 outsize=290 kw=SCATTERING_ON OCTAVES_1 QUALITY_MED ok=1
Cmd: compileSnippet
  api=4 type=0 insize=3880 outsize=1640 kw=SCATTERING_ON OCTAVES_2 QUALITY_MED ok=1
Cmd: compileSnippet
  api=1 type=0 insize=3880 outsize=290 kw=SCATTERING_ON OCTAVES_3 QUALITY_MED ok=1
Cmd: compileSnippet
  api=4 type=0 insize=3880 outsize=1640 kw=SCATTERING_ON OCTAVES_5 QUALITY_MED ok=1
Cmd: compileSnippet
  api=1 type=1 insize=3880 outsize=3663 kw=SCATTERING_ON OCTAVES_4 QUALITY_HIGH ok=1
Cmd: compileSnippet
  api=4 type=1 insize=3880 outsize=5288 kw=SCATTERING_ON QUALITY_HIGH OCTAVES_1 ok=1
Cmd: compileSnippet
  api=4 type=1 insize=3880 outsize=4386 kw=QUALITY_HIGH SCATTERING_OFF OCTAVES_2 ok=1
Cmd: compileSnippet
  api=4 type=1 insize=3880 outsize=5044 kw=QUALITY_HIGH SCATTERING_OFF OCTAVES_3 ok=1
Cmd: compileSnippet
  api=4 type=1 insize=3880 outsize=6360 kw=QUALITY_HIGH SCATTERING_OFF OCTAVES_5 ok=1
Cmd: compileSnippet
  api=1 type=1 insize=3880 outsize=2062 kw=SCATTERING_ON OCTAVES_1 QUALITY_LOW ok=1
Cmd: compileSnippet
  api=4 type=1 insize=3880 outsize=5288 kw=SCATTERING_ON OCTAVES_1 QUALITY_LOW ok=1
Cmd: compileSnippet
  api=4 type=1 insize=3880 outsize=4386 kw=SCATTERING_OFF OCTAVES_2 QUALITY_LOW ok=1
Cmd: compileSnippet
  api=4 type=1 insize=3880 outsize=5044 kw=SCATTERING_OFF OCTAVES_3 QUALITY_LOW ok=1
Cmd: compileSnippet
  api=4 type=1 insize=3880 outsize=6360 kw=SCATTERING_OFF OCTAVES_5 QUALITY_LOW ok=1
Cmd: compileSnippet
  api=1 type=1 insize=3880 outsize=2063 kw=SCATTERING_ON OCTAVES_1 QUALITY_MED ok=1
Cmd: compileSnippet
  api=1 type=1 insize=3880 outsize=1362 kw=SCATTERING_OFF OCTAVES_1 QUALITY_MED ok=1
Cmd: compileSnippet
  api=1 type=1 insize=3880 outsize=2614 kw=SCATTERING_ON OCTAVES_2 QUALITY_MED ok=1
Cmd: compileSnippet
  api=4 type=1 insize=3880 outsize=6775 kw=SCATTERING_ON OCTAVES_2 QUALITY_MED ok=1
Cmd: compileSnippet
  api=1 type=1 insize=3880 outsize=2469 kw=SCATTERING_OFF OCTAVES_5 QUALITY_MED ok=1
Cmd: compileSnippet
  api=1 type=0 insize=5620 outsize=1125 kw=DIRECTIONAL SHADOWS_OFF LIGHTMAP_OFF DIRLIGHTMAP_OFF ok=1
Cmd: compileSnippet
  api=8 type=0 insize=5620 outsize=7126 kw=DIRECTIONAL SHADOWS_SCREEN LIGHTMAP_OFF DIRLIGHTMAP_OFF ok=1
Cmd: compileSnippet
  api=8 type=0 insize=5620 outsize=9872 kw=DIRECTIONAL SHADOWS_SCREEN LIGHTMAP_OFF DIRLIGHTMAP_OFF VERTEXLIGHT_ON ok=1
Cmd: compileSnippet
  api=4 type=1 insize=5620 outsize=2444 kw=DIRECTIONAL SHADOWS_OFF LIGHTMAP_OFF DIRLIGHTMAP_OFF ok=1
Cmd: compileSnippet
  api=8 type=1 insize=5620 outsize=4307 kw=DIRECTIONAL SHADOWS_SCREEN LIGHTMAP_OFF DIRLIGHTMAP_OFF ok=1
Cmd: compileSnippet
  api=8 type=0 insize=3341 outsize=6045 kw=POINT ok=1
Cmd: compileSnippet
  api=8 type=0 insize=3341 outsize=6045 kw=SPOT ok=1
Cmd: compileSnippet
  api=8 type=0 insize=3341 outsize=5915 kw=DIRECTIONAL_COOKIE ok=1
Cmd: compileSnippet
  api=4 type=1 insize=3341 outsize=2493 kw=POINT ok=1
Cmd: compileSnippet
  api=1 type=1 insize=3341 outsize=953 kw=SPOT ok=1
Cmd: compileSnippet
  api=1 type=1 insize=3341 outsize=860 kw=POINT_COOKIE ok=1
Cmd: compileSnippet
  api=8 type=1 insize=3341 outsize=4014 kw=POINT_COOKIE ok=1
Cmd: compileSnippet
  api=4 type=0 insize=5198 outsize=4069 kw=DIRECTIONAL SHADOWS_OFF LIGHTMAP_OFF DIRLIGHTMAP_OFF ok=1
Cmd: compileSnippet
  api=1 type=0 insize=5198 outsize=568 kw=DIRECTIONAL SHADOWS_OFF LIGHTMAP_ON DIRLIGHTMAP_ON ok=1
Cmd: compileSnippet
  api=8 type=0 insize=5198 outsize=6590 kw=DIRECTIONAL SHADOWS_SCREEN LIGHTMAP_OFF DIRLIGHTMAP_OFF ok=1
Cmd: compileSnippet
  api=8 type=0 insize=5198 outsize=4201 kw=DIRECTIONAL SHADOWS_SCREEN LIGHTMAP_ON DIRLIGHTMAP_ON ok=1
Cmd: compileSnippet
  api=4 type=0 insize=5198 outsize=6149 kw=DIRECTIONAL SHADOWS_SCREEN LIGHTMAP_OFF DIRLIGHTMAP_OFF VERTEXLIGHT_ON ok=1
Cmd: compileSnippet
  api=1 type=1 insize=5198 outsize=1012 kw=DIRECTIONAL SHADOWS_OFF LIGHTMAP_OFF DIRLIGHTMAP_OFF ok=1
Cmd: compileSnippet
  api=8 type=1 insize=5198 outsize=1975 kw=DIRECTIONAL SHADOWS_OFF LIGHTMAP_ON DIRLIGHTMAP_OFF ok=1
Cmd: compileSnippet
  api=8 type=1 insize=5198 outsize=5688 kw=DIRECTIONAL SHADOWS_OFF LIGHTMAP_ON DIRLIGHTMAP_ON ok=1
Cmd: compileSnippet
  api=4 type=1 insize=5198 outsize=4264 kw=DIRECTIONAL SHADOWS_SCREEN LIGHTMAP_ON DIRLIGHTMAP_ON ok=1
Cmd: compileSnippet
  api=4 type=0 insize=2808 outsize=3720 kw=POINT ok=1
Cmd: compileSnippet
  api=1 type=0 insize=2808 outsize=834 kw=SPOT ok=1
Cmd: compileSnippet
  api=1 type=0 insize=2808 outsize=815 kw=POINT_COOKIE ok=1
Cmd: compileSnippet
  api=1 type=0 insize=2808 outsize=769 kw=DIRECTIONAL_COOKIE ok=1
Cmd: compileSnippet
  api=8 type=1 insize=2808 outsize=4818 kw=POINT ok=1
Cmd: compileSnippet
  api=1 type=1 insize=2808 outsize=1159 kw=POINT_COOKIE ok=1
Cmd: compileSnippet
  api=4 type=1 insize=2808 outsize=3257 kw=POINT_COOKIE ok=1
Cmd: compileSnippet
  api=4 type=1 insize=2808 outsize=2915 kw=DIRECTIONAL_COOKIE ok=1
Cmd: compileSnippet
  api=4 type=0 insize=2721 outsize=3005 kw= ok=1
Cmd: compileSnippet
  api=1 type=1 insize=2721 outsize=593 kw= ok=1
Cmd: compileSnippet
  api=1 type=0 insize=4647 outsize=674 kw=LIGHTMAP_OFF DIRLIGHTMAP_OFF HDR_LIGHT_PREPASS_OFF ok=1
Cmd: compileSnippet
  api=1 type=0 insize=4647 outsize=672 kw=LIGHTMAP_ON DIRLIGHTMAP_ON HDR_LIGHT_PREPASS_OFF ok=1
Cmd: compileSnippet
  api=1 type=0 insize=4647 outsize=674 kw=LIGHTMAP_OFF DIRLIGHTMAP_OFF HDR_LIGHT_PREPASS_ON ok=1
Cmd: compileSnippet
  api=8 type=0 insize=4647 outsize=4307 kw=LIGHTMAP_ON DIRLIGHTMAP_OFF HDR_LIGHT_PREPASS_ON ok=1
Cmd: compileSnippet
  api=4 type=1 insize=4647 outsize=1672 kw=LIGHTMAP_OFF DIRLIGHTMAP_OFF HDR_LIGHT_PREPASS_OFF ok=1
Cmd: compileSnippet
  api=1 type=1 insize=4647 outsize=1530 kw=LIGHTMAP_ON DIRLIGHTMAP_ON HDR_LIGHT_PREPASS_OFF ok=1
Cmd: compileSnippet
  api=8 type=1 insize=4647 outsize=6378 kw=LIGHTMAP_ON DIRLIGHTMAP_ON HDR_LIGHT_PREPASS_OFF ok=1
Cmd: compileSnippet
  api=8 type=1 insize=4647 outsize=6232 kw=LIGHTMAP_ON DIRLIGHTMAP_ON HDR_LIGHT_PREPASS_ON ok=1
Cmd: compileSnippet
  api=8 type=0 insize=1617 outsize=2917 kw= ok=1
Cmd: compileSnippet
  api=4 type=1 insize=1617 outsize=2070 kw= ok=1
End of pipe

Quitting shader compiler process
